This is pdfTeX, Version 3.14159265-2.6-1.40.16 (TeX Live 2015/Debian) (preloaded format=pdflatex 2017.9.26)  29 APR 2018 18:33
entering extended mode
 restricted \write18 enabled.
 %&-line parsing enabled.
**Lund_Heng_MDPH612_Pres.tex
(./Lund_Heng_MDPH612_Pres.tex
LaTeX2e <2016/02/01>
Babel <3.9q> and hyphenation patterns for 81 language(s) loaded.
(/usr/share/texmf/tex/latex/beamer/base/beamer.cls
(/usr/share/texmf/tex/latex/beamer/base/beamerbasercs.sty
Package: beamerbasercs 2012/11/13 (rcs-revision cb16a617839f)
)
Document Class: beamer 2012/10/15 development version 3.24 A class for typesett
ing presentations (rcs-revision 24853e6b98cf)
(/usr/share/texmf/tex/latex/beamer/base/beamerbasemodes.sty
Package: beamerbasemodes 2012/04/15 (rcs-revision cc6557182d97)
\beamer@tempbox=\box26
\beamer@tempcount=\count79
\c@beamerpauses=\count80

(/usr/share/texmf/tex/latex/beamer/base/beamerbasedecode.sty
Package: beamerbasedecode 2010/05/01 (rcs-revision efa082c6111d)
\beamer@slideinframe=\count81
\beamer@minimum=\count82
)
\beamer@commentbox=\box27
\beamer@modecount=\count83
)
(/usr/share/texlive/texmf-dist/tex/generic/oberdiek/ifpdf.sty
Package: ifpdf 2011/01/30 v2.3 Provides the ifpdf switch (HO)
Package ifpdf Info: pdfTeX in PDF mode is detected.
)
\headheight=\dimen102
\headdp=\dimen103
\footheight=\dimen104
\sidebarheight=\dimen105
\beamer@tempdim=\dimen106
\beamer@finalheight=\dimen107
\beamer@animht=\dimen108
\beamer@animdp=\dimen109
\beamer@animwd=\dimen110
\beamer@leftmargin=\dimen111
\beamer@rightmargin=\dimen112
\beamer@leftsidebar=\dimen113
\beamer@rightsidebar=\dimen114
\beamer@boxsize=\dimen115
\beamer@vboxoffset=\dimen116
\beamer@descdefault=\dimen117
\beamer@descriptionwidth=\dimen118
\beamer@lastskip=\skip41
\beamer@areabox=\box28
\beamer@animcurrent=\box29
\beamer@animshowbox=\box30
\beamer@sectionbox=\box31
\beamer@logobox=\box32
\beamer@linebox=\box33
\beamer@sectioncount=\count84
\beamer@subsubsectionmax=\count85
\beamer@subsectionmax=\count86
\beamer@sectionmax=\count87
\beamer@totalheads=\count88
\beamer@headcounter=\count89
\beamer@partstartpage=\count90
\beamer@sectionstartpage=\count91
\beamer@subsectionstartpage=\count92
\beamer@animationtempa=\count93
\beamer@animationtempb=\count94
\beamer@xpos=\count95
\beamer@ypos=\count96
\beamer@showpartnumber=\count97
\beamer@currentsubsection=\count98
\beamer@coveringdepth=\count99
\beamer@sectionadjust=\count100
\beamer@tocsectionnumber=\count101

(/usr/share/texmf/tex/latex/beamer/base/beamerbaseoptions.sty
Package: beamerbaseoptions 2010/04/27 (rcs-revision 982469101dd6)

(/usr/share/texlive/texmf-dist/tex/latex/graphics/keyval.sty
Package: keyval 2014/10/28 v1.15 key=value parser (DPC)
\KV@toks@=\toks14
))
\beamer@paperwidth=\skip42
\beamer@paperheight=\skip43

(/usr/share/texlive/texmf-dist/tex/latex/geometry/geometry.sty
Package: geometry 2010/09/12 v5.6 Page Geometry

(/usr/share/texlive/texmf-dist/tex/generic/oberdiek/ifvtex.sty
Package: ifvtex 2010/03/01 v1.5 Detect VTeX and its facilities (HO)
Package ifvtex Info: VTeX not detected.
)
(/usr/share/texlive/texmf-dist/tex/generic/ifxetex/ifxetex.sty
Package: ifxetex 2010/09/12 v0.6 Provides ifxetex conditional
)
\Gm@cnth=\count102
\Gm@cntv=\count103
\c@Gm@tempcnt=\count104
\Gm@bindingoffset=\dimen119
\Gm@wd@mp=\dimen120
\Gm@odd@mp=\dimen121
\Gm@even@mp=\dimen122
\Gm@layoutwidth=\dimen123
\Gm@layoutheight=\dimen124
\Gm@layouthoffset=\dimen125
\Gm@layoutvoffset=\dimen126
\Gm@dimlist=\toks15
)
(/usr/share/texlive/texmf-dist/tex/latex/base/size11.clo
File: size11.clo 2014/09/29 v1.4h Standard LaTeX file (size option)
)
(/usr/share/texmf/tex/latex/pgf/basiclayer/pgfcore.sty
(/usr/share/texlive/texmf-dist/tex/latex/graphics/graphicx.sty
Package: graphicx 2014/10/28 v1.0g Enhanced LaTeX Graphics (DPC,SPQR)

(/usr/share/texlive/texmf-dist/tex/latex/graphics/graphics.sty
Package: graphics 2016/01/03 v1.0q Standard LaTeX Graphics (DPC,SPQR)

(/usr/share/texlive/texmf-dist/tex/latex/graphics/trig.sty
Package: trig 2016/01/03 v1.10 sin cos tan (DPC)
)
(/usr/share/texlive/texmf-dist/tex/latex/latexconfig/graphics.cfg
File: graphics.cfg 2010/04/23 v1.9 graphics configuration of TeX Live
)
Package graphics Info: Driver file: pdftex.def on input line 95.

(/usr/share/texlive/texmf-dist/tex/latex/pdftex-def/pdftex.def
File: pdftex.def 2011/05/27 v0.06d Graphics/color for pdfTeX

(/usr/share/texlive/texmf-dist/tex/generic/oberdiek/infwarerr.sty
Package: infwarerr 2010/04/08 v1.3 Providing info/warning/error messages (HO)
)
(/usr/share/texlive/texmf-dist/tex/generic/oberdiek/ltxcmds.sty
Package: ltxcmds 2011/11/09 v1.22 LaTeX kernel commands for general use (HO)
)
\Gread@gobject=\count105
))
\Gin@req@height=\dimen127
\Gin@req@width=\dimen128
)
(/usr/share/texmf/tex/latex/pgf/systemlayer/pgfsys.sty
(/usr/share/texmf/tex/latex/pgf/utilities/pgfrcs.sty
(/usr/share/texmf/tex/generic/pgf/utilities/pgfutil-common.tex
\pgfutil@everybye=\toks16
)
(/usr/share/texmf/tex/generic/pgf/utilities/pgfutil-latex.def
\pgfutil@abb=\box34

(/usr/share/texlive/texmf-dist/tex/latex/ms/everyshi.sty
Package: everyshi 2001/05/15 v3.00 EveryShipout Package (MS)
))
(/usr/share/texmf/tex/generic/pgf/utilities/pgfrcs.code.tex
Package: pgfrcs 2010/10/25 v2.10 (rcs-revision 1.24)
))
(/usr/share/texmf/tex/generic/pgf/systemlayer/pgfsys.code.tex
Package: pgfsys 2010/06/30 v2.10 (rcs-revision 1.37)

(/usr/share/texmf/tex/generic/pgf/utilities/pgfkeys.code.tex
\pgfkeys@pathtoks=\toks17
\pgfkeys@temptoks=\toks18

(/usr/share/texmf/tex/generic/pgf/utilities/pgfkeysfiltered.code.tex
\pgfkeys@tmptoks=\toks19
))
\pgf@x=\dimen129
\pgf@y=\dimen130
\pgf@xa=\dimen131
\pgf@ya=\dimen132
\pgf@xb=\dimen133
\pgf@yb=\dimen134
\pgf@xc=\dimen135
\pgf@yc=\dimen136
\w@pgf@writea=\write3
\r@pgf@reada=\read1
\c@pgf@counta=\count106
\c@pgf@countb=\count107
\c@pgf@countc=\count108
\c@pgf@countd=\count109

(/usr/share/texmf/tex/generic/pgf/systemlayer/pgf.cfg
File: pgf.cfg 2008/05/14  (rcs-revision 1.7)
)
Package pgfsys Info: Driver file for pgf: pgfsys-pdftex.def on input line 900.

(/usr/share/texmf/tex/generic/pgf/systemlayer/pgfsys-pdftex.def
File: pgfsys-pdftex.def 2009/05/22  (rcs-revision 1.26)

(/usr/share/texmf/tex/generic/pgf/systemlayer/pgfsys-common-pdf.def
File: pgfsys-common-pdf.def 2008/05/19  (rcs-revision 1.10)
)))
(/usr/share/texmf/tex/generic/pgf/systemlayer/pgfsyssoftpath.code.tex
File: pgfsyssoftpath.code.tex 2008/07/18  (rcs-revision 1.7)
\pgfsyssoftpath@smallbuffer@items=\count110
\pgfsyssoftpath@bigbuffer@items=\count111
)
(/usr/share/texmf/tex/generic/pgf/systemlayer/pgfsysprotocol.code.tex
File: pgfsysprotocol.code.tex 2006/10/16  (rcs-revision 1.4)
))
(/usr/share/texmf/tex/latex/xcolor/xcolor.sty
Package: xcolor 2007/01/21 v2.11 LaTeX color extensions (UK)

(/usr/share/texlive/texmf-dist/tex/latex/latexconfig/color.cfg
File: color.cfg 2007/01/18 v1.5 color configuration of teTeX/TeXLive
)
Package xcolor Info: Driver file: pdftex.def on input line 225.
Package xcolor Info: Model `cmy' substituted by `cmy0' on input line 1337.
Package xcolor Info: Model `hsb' substituted by `rgb' on input line 1341.
Package xcolor Info: Model `RGB' extended on input line 1353.
Package xcolor Info: Model `HTML' substituted by `rgb' on input line 1355.
Package xcolor Info: Model `Hsb' substituted by `hsb' on input line 1356.
Package xcolor Info: Model `tHsb' substituted by `hsb' on input line 1357.
Package xcolor Info: Model `HSB' substituted by `hsb' on input line 1358.
Package xcolor Info: Model `Gray' substituted by `gray' on input line 1359.
Package xcolor Info: Model `wave' substituted by `hsb' on input line 1360.
)
(/usr/share/texmf/tex/generic/pgf/basiclayer/pgfcore.code.tex
Package: pgfcore 2010/04/11 v2.10 (rcs-revision 1.7)

(/usr/share/texmf/tex/generic/pgf/math/pgfmath.code.tex
(/usr/share/texmf/tex/generic/pgf/math/pgfmathcalc.code.tex
(/usr/share/texmf/tex/generic/pgf/math/pgfmathutil.code.tex)
(/usr/share/texmf/tex/generic/pgf/math/pgfmathparser.code.tex
\pgfmath@dimen=\dimen137
\pgfmath@count=\count112
\pgfmath@box=\box35
\pgfmath@toks=\toks20
\pgfmath@stack@operand=\toks21
\pgfmath@stack@operation=\toks22
)
(/usr/share/texmf/tex/generic/pgf/math/pgfmathfunctions.code.tex
(/usr/share/texmf/tex/generic/pgf/math/pgfmathfunctions.basic.code.tex)
(/usr/share/texmf/tex/generic/pgf/math/pgfmathfunctions.trigonometric.code.tex)
(/usr/share/texmf/tex/generic/pgf/math/pgfmathfunctions.random.code.tex)
(/usr/share/texmf/tex/generic/pgf/math/pgfmathfunctions.comparison.code.tex)
(/usr/share/texmf/tex/generic/pgf/math/pgfmathfunctions.base.code.tex)
(/usr/share/texmf/tex/generic/pgf/math/pgfmathfunctions.round.code.tex)
(/usr/share/texmf/tex/generic/pgf/math/pgfmathfunctions.misc.code.tex)))
(/usr/share/texmf/tex/generic/pgf/math/pgfmathfloat.code.tex
\c@pgfmathroundto@lastzeros=\count113
))
(/usr/share/texmf/tex/generic/pgf/basiclayer/pgfcorepoints.code.tex
File: pgfcorepoints.code.tex 2010/04/09  (rcs-revision 1.20)
\pgf@picminx=\dimen138
\pgf@picmaxx=\dimen139
\pgf@picminy=\dimen140
\pgf@picmaxy=\dimen141
\pgf@pathminx=\dimen142
\pgf@pathmaxx=\dimen143
\pgf@pathminy=\dimen144
\pgf@pathmaxy=\dimen145
\pgf@xx=\dimen146
\pgf@xy=\dimen147
\pgf@yx=\dimen148
\pgf@yy=\dimen149
\pgf@zx=\dimen150
\pgf@zy=\dimen151
)
(/usr/share/texmf/tex/generic/pgf/basiclayer/pgfcorepathconstruct.code.tex
File: pgfcorepathconstruct.code.tex 2010/08/03  (rcs-revision 1.24)
\pgf@path@lastx=\dimen152
\pgf@path@lasty=\dimen153
)
(/usr/share/texmf/tex/generic/pgf/basiclayer/pgfcorepathusage.code.tex
File: pgfcorepathusage.code.tex 2008/04/22  (rcs-revision 1.12)
\pgf@shorten@end@additional=\dimen154
\pgf@shorten@start@additional=\dimen155
)
(/usr/share/texmf/tex/generic/pgf/basiclayer/pgfcorescopes.code.tex
File: pgfcorescopes.code.tex 2010/09/08  (rcs-revision 1.34)
\pgfpic=\box36
\pgf@hbox=\box37
\pgf@layerbox@main=\box38
\pgf@picture@serial@count=\count114
)
(/usr/share/texmf/tex/generic/pgf/basiclayer/pgfcoregraphicstate.code.tex
File: pgfcoregraphicstate.code.tex 2008/04/22  (rcs-revision 1.9)
\pgflinewidth=\dimen156
)
(/usr/share/texmf/tex/generic/pgf/basiclayer/pgfcoretransformations.code.tex
File: pgfcoretransformations.code.tex 2009/06/10  (rcs-revision 1.11)
\pgf@pt@x=\dimen157
\pgf@pt@y=\dimen158
\pgf@pt@temp=\dimen159
)
(/usr/share/texmf/tex/generic/pgf/basiclayer/pgfcorequick.code.tex
File: pgfcorequick.code.tex 2008/10/09  (rcs-revision 1.3)
)
(/usr/share/texmf/tex/generic/pgf/basiclayer/pgfcoreobjects.code.tex
File: pgfcoreobjects.code.tex 2006/10/11  (rcs-revision 1.2)
)
(/usr/share/texmf/tex/generic/pgf/basiclayer/pgfcorepathprocessing.code.tex
File: pgfcorepathprocessing.code.tex 2008/10/09  (rcs-revision 1.8)
)
(/usr/share/texmf/tex/generic/pgf/basiclayer/pgfcorearrows.code.tex
File: pgfcorearrows.code.tex 2008/04/23  (rcs-revision 1.11)
)
(/usr/share/texmf/tex/generic/pgf/basiclayer/pgfcoreshade.code.tex
File: pgfcoreshade.code.tex 2008/11/23  (rcs-revision 1.13)
\pgf@max=\dimen160
\pgf@sys@shading@range@num=\count115
)
(/usr/share/texmf/tex/generic/pgf/basiclayer/pgfcoreimage.code.tex
File: pgfcoreimage.code.tex 2010/03/25  (rcs-revision 1.16)

(/usr/share/texmf/tex/generic/pgf/basiclayer/pgfcoreexternal.code.tex
File: pgfcoreexternal.code.tex 2010/09/01  (rcs-revision 1.17)
\pgfexternal@startupbox=\box39
))
(/usr/share/texmf/tex/generic/pgf/basiclayer/pgfcorelayers.code.tex
File: pgfcorelayers.code.tex 2010/08/27  (rcs-revision 1.2)
)
(/usr/share/texmf/tex/generic/pgf/basiclayer/pgfcoretransparency.code.tex
File: pgfcoretransparency.code.tex 2008/01/17  (rcs-revision 1.2)
)
(/usr/share/texmf/tex/generic/pgf/basiclayer/pgfcorepatterns.code.tex
File: pgfcorepatterns.code.tex 2009/07/02  (rcs-revision 1.3)
)))
(/usr/share/texmf/tex/latex/pgf/utilities/xxcolor.sty
Package: xxcolor 2003/10/24 ver 0.1
\XC@nummixins=\count116
\XC@countmixins=\count117
)
(/usr/share/texlive/texmf-dist/tex/latex/hyperref/hyperref.sty
Package: hyperref 2012/11/06 v6.83m Hypertext links for LaTeX

(/usr/share/texlive/texmf-dist/tex/generic/oberdiek/hobsub-hyperref.sty
Package: hobsub-hyperref 2012/05/28 v1.13 Bundle oberdiek, subset hyperref (HO)


(/usr/share/texlive/texmf-dist/tex/generic/oberdiek/hobsub-generic.sty
Package: hobsub-generic 2012/05/28 v1.13 Bundle oberdiek, subset generic (HO)
Package: hobsub 2012/05/28 v1.13 Construct package bundles (HO)
Package hobsub Info: Skipping package `infwarerr' (already loaded).
Package hobsub Info: Skipping package `ltxcmds' (already loaded).
Package: ifluatex 2010/03/01 v1.3 Provides the ifluatex switch (HO)
Package ifluatex Info: LuaTeX not detected.
Package hobsub Info: Skipping package `ifvtex' (already loaded).
Package: intcalc 2007/09/27 v1.1 Expandable calculations with integers (HO)
Package hobsub Info: Skipping package `ifpdf' (already loaded).
Package: etexcmds 2011/02/16 v1.5 Avoid name clashes with e-TeX commands (HO)
Package etexcmds Info: Could not find \expanded.
(etexcmds)             That can mean that you are not using pdfTeX 1.50 or
(etexcmds)             that some package has redefined \expanded.
(etexcmds)             In the latter case, load this package earlier.
Package: kvsetkeys 2012/04/25 v1.16 Key value parser (HO)
Package: kvdefinekeys 2011/04/07 v1.3 Define keys (HO)
Package: pdftexcmds 2011/11/29 v0.20 Utility functions of pdfTeX for LuaTeX (HO
)
Package pdftexcmds Info: LuaTeX not detected.
Package pdftexcmds Info: \pdf@primitive is available.
Package pdftexcmds Info: \pdf@ifprimitive is available.
Package pdftexcmds Info: \pdfdraftmode found.
Package: pdfescape 2011/11/25 v1.13 Implements pdfTeX's escape features (HO)
Package: bigintcalc 2012/04/08 v1.3 Expandable calculations on big integers (HO
)
Package: bitset 2011/01/30 v1.1 Handle bit-vector datatype (HO)
Package: uniquecounter 2011/01/30 v1.2 Provide unlimited unique counter (HO)
)
Package hobsub Info: Skipping package `hobsub' (already loaded).
Package: letltxmacro 2010/09/02 v1.4 Let assignment for LaTeX macros (HO)
Package: hopatch 2012/05/28 v1.2 Wrapper for package hooks (HO)
Package: xcolor-patch 2011/01/30 xcolor patch
Package: atveryend 2011/06/30 v1.8 Hooks at the very end of document (HO)
Package atveryend Info: \enddocument detected (standard20110627).
Package: atbegshi 2011/10/05 v1.16 At begin shipout hook (HO)
Package: refcount 2011/10/16 v3.4 Data extraction from label references (HO)
Package: hycolor 2011/01/30 v1.7 Color options for hyperref/bookmark (HO)
)
(/usr/share/texlive/texmf-dist/tex/latex/oberdiek/auxhook.sty
Package: auxhook 2011/03/04 v1.3 Hooks for auxiliary files (HO)
)
(/usr/share/texlive/texmf-dist/tex/latex/oberdiek/kvoptions.sty
Package: kvoptions 2011/06/30 v3.11 Key value format for package options (HO)
)
\@linkdim=\dimen161
\Hy@linkcounter=\count118
\Hy@pagecounter=\count119

(/usr/share/texlive/texmf-dist/tex/latex/hyperref/pd1enc.def
File: pd1enc.def 2012/11/06 v6.83m Hyperref: PDFDocEncoding definition (HO)
)
\Hy@SavedSpaceFactor=\count120

(/usr/share/texlive/texmf-dist/tex/latex/latexconfig/hyperref.cfg
File: hyperref.cfg 2002/06/06 v1.2 hyperref configuration of TeXLive
)
Package hyperref Info: Option `bookmarks' set `true' on input line 4319.
Package hyperref Info: Option `bookmarksopen' set `true' on input line 4319.
Package hyperref Info: Option `implicit' set `false' on input line 4319.
Package hyperref Info: Hyper figures OFF on input line 4443.
Package hyperref Info: Link nesting OFF on input line 4448.
Package hyperref Info: Hyper index ON on input line 4451.
Package hyperref Info: Plain pages OFF on input line 4458.
Package hyperref Info: Backreferencing OFF on input line 4463.
Package hyperref Info: Implicit mode OFF; no redefinition of LaTeX internals.
Package hyperref Info: Bookmarks ON on input line 4688.
\c@Hy@tempcnt=\count121

(/usr/share/texlive/texmf-dist/tex/latex/url/url.sty
\Urlmuskip=\muskip10
Package: url 2013/09/16  ver 3.4  Verb mode for urls, etc.
)
LaTeX Info: Redefining \url on input line 5041.
\XeTeXLinkMargin=\dimen162
\Fld@menulength=\count122
\Field@Width=\dimen163
\Fld@charsize=\dimen164
Package hyperref Info: Hyper figures OFF on input line 6295.
Package hyperref Info: Link nesting OFF on input line 6300.
Package hyperref Info: Hyper index ON on input line 6303.
Package hyperref Info: backreferencing OFF on input line 6310.
Package hyperref Info: Link coloring OFF on input line 6315.
Package hyperref Info: Link coloring with OCG OFF on input line 6320.
Package hyperref Info: PDF/A mode OFF on input line 6325.
LaTeX Info: Redefining \ref on input line 6365.
LaTeX Info: Redefining \pageref on input line 6369.
\Hy@abspage=\count123


Package hyperref Message: Stopped early.

)

Package hyperref Message: Driver (autodetected): hpdftex.

(/usr/share/texlive/texmf-dist/tex/latex/hyperref/hpdftex.def
File: hpdftex.def 2012/11/06 v6.83m Hyperref driver for pdfTeX
\Fld@listcount=\count124
\c@bookmark@seq@number=\count125

(/usr/share/texlive/texmf-dist/tex/latex/oberdiek/rerunfilecheck.sty
Package: rerunfilecheck 2011/04/15 v1.7 Rerun checks for auxiliary files (HO)
Package uniquecounter Info: New unique counter `rerunfilecheck' on input line 2
82.
))
(/usr/share/texmf/tex/latex/beamer/base/beamerbaserequires.sty
Package: beamerbaserequires 2010/05/01  (rcs-revision efa082c6111d)

(/usr/share/texmf/tex/latex/beamer/base/beamerbasecompatibility.sty
Package: beamerbasecompatibility 2012/05/01  (rcs-revision 67c48b3b652d)
)
(/usr/share/texmf/tex/latex/beamer/base/beamerbasefont.sty
Package: beamerbasefont 2012/09/19  (rcs-revision 733629cd0c6c)

(/usr/share/texlive/texmf-dist/tex/latex/amsfonts/amssymb.sty
Package: amssymb 2013/01/14 v3.01 AMS font symbols

(/usr/share/texlive/texmf-dist/tex/latex/amsfonts/amsfonts.sty
Package: amsfonts 2013/01/14 v3.01 Basic AMSFonts support
\@emptytoks=\toks23
\symAMSa=\mathgroup4
\symAMSb=\mathgroup5
LaTeX Font Info:    Overwriting math alphabet `\mathfrak' in version `bold'
(Font)                  U/euf/m/n --> U/euf/b/n on input line 106.
)))
(/usr/share/texmf/tex/latex/beamer/base/beamerbasetranslator.sty
Package: beamerbasetranslator 2010/06/11  (rcs-revision 85fd1cc7fc42)

(/usr/share/texmf/tex/latex/beamer/base/translator/translator.sty
Package: translator 2010/06/12 ver 1.10

(/usr/share/texmf/tex/latex/beamer/base/translator/translator-language-mappings
.tex))) (/usr/share/texmf/tex/latex/beamer/base/beamerbasemisc.sty
Package: beamerbasemisc 2012/02/24  (rcs-revision 2ff5461be705)
)
(/usr/share/texmf/tex/latex/beamer/base/beamerbasetwoscreens.sty
Package: beamerbasetwoscreens 2010/05/01  (rcs-revision efa082c6111d)
)
(/usr/share/texmf/tex/latex/beamer/base/beamerbaseoverlay.sty
Package: beamerbaseoverlay 2012/11/11  (rcs-revision 6afbc49b1109)
\beamer@argscount=\count126
\beamer@lastskipcover=\skip44
\beamer@trivlistdepth=\count127
)
(/usr/share/texmf/tex/latex/beamer/base/beamerbasetitle.sty
Package: beamerbasetitle 2010/09/21  (rcs-revision f0446ed0b6ae)
)
(/usr/share/texmf/tex/latex/beamer/base/beamerbasesection.sty
Package: beamerbasesection 2012/11/11  (rcs-revision 0056eef6f17f)
\c@lecture=\count128
\c@part=\count129
\c@section=\count130
\c@subsection=\count131
\c@subsubsection=\count132
)
(/usr/share/texmf/tex/latex/beamer/base/beamerbaseframe.sty
Package: beamerbaseframe 2012/09/13  (rcs-revision dcd846607320)
\beamer@framebox=\box40
\beamer@frametitlebox=\box41
\beamer@zoombox=\box42
\beamer@zoomcount=\count133
\beamer@zoomframecount=\count134
\beamer@frametextheight=\dimen165
\c@subsectionslide=\count135
\beamer@frametopskip=\skip45
\beamer@framebottomskip=\skip46
\beamer@frametopskipautobreak=\skip47
\beamer@framebottomskipautobreak=\skip48
\beamer@envbody=\toks24
\framewidth=\dimen166
\c@framenumber=\count136
)
(/usr/share/texmf/tex/latex/beamer/base/beamerbaseverbatim.sty
Package: beamerbaseverbatim 2012/08/30  (rcs-revision dfdb135076b3)
\beamer@verbatimfileout=\write4
)
(/usr/share/texmf/tex/latex/beamer/base/beamerbaseframesize.sty
Package: beamerbaseframesize 2011/09/12  (rcs-revision 70f9d8411e54)
\beamer@splitbox=\box43
\beamer@autobreakcount=\count137
\beamer@autobreaklastheight=\dimen167
\beamer@frametitletoks=\toks25
\beamer@framesubtitletoks=\toks26
)
(/usr/share/texmf/tex/latex/beamer/base/beamerbaseframecomponents.sty
Package: beamerbaseframecomponents 2012/09/13  (rcs-revision dcd846607320)
\beamer@footins=\box44
)
(/usr/share/texmf/tex/latex/beamer/base/beamerbasecolor.sty
Package: beamerbasecolor 2010/06/06  (rcs-revision d1a9b48be06d)
)
(/usr/share/texmf/tex/latex/beamer/base/beamerbasenotes.sty
Package: beamerbasenotes 2010/05/01  (rcs-revision efa082c6111d)
\beamer@frameboxcopy=\box45
)
(/usr/share/texmf/tex/latex/beamer/base/beamerbasetoc.sty
Package: beamerbasetoc 2012/10/02  (rcs-revision 5ed0f4010e8a)
)
(/usr/share/texmf/tex/latex/beamer/base/beamerbasetemplates.sty
Package: beamerbasetemplates 2010/05/01  (rcs-revision efa082c6111d)
\beamer@sbttoks=\toks27

(/usr/share/texmf/tex/latex/beamer/base/beamerbaseauxtemplates.sty
Package: beamerbaseauxtemplates 2012/05/01  (rcs-revision 67c48b3b652d)

(/usr/share/texmf/tex/latex/beamer/base/beamerbaseboxes.sty
Package: beamerbaseboxes 2012/05/13  (rcs-revision 56972908a390)
\bmb@box=\box46
\bmb@colorbox=\box47
\bmb@boxshadow=\box48
\bmb@boxshadowball=\box49
\bmb@boxshadowballlarge=\box50
\bmb@temp=\dimen168
\bmb@dima=\dimen169
\bmb@dimb=\dimen170
\bmb@prevheight=\dimen171
)
\beamer@blockheadheight=\dimen172
))
(/usr/share/texmf/tex/latex/beamer/base/beamerbaselocalstructure.sty
Package: beamerbaselocalstructure 2012/11/13  (rcs-revision ddfba79dac19)

(/usr/share/texlive/texmf-dist/tex/latex/tools/enumerate.sty
Package: enumerate 2015/07/23 v3.00 enumerate extensions (DPC)
\@enLab=\toks28
)
\c@figure=\count138
\c@table=\count139
\abovecaptionskip=\skip49
\belowcaptionskip=\skip50
)
(/usr/share/texmf/tex/latex/beamer/base/beamerbasenavigation.sty
Package: beamerbasenavigation 2012/04/03  (rcs-revision 42a0f21a412d)
\beamer@section@min@dim=\dimen173
)
(/usr/share/texmf/tex/latex/beamer/base/beamerbasetheorems.sty
Package: beamerbasetheorems 2010/06/06  (rcs-revision 7e7cc5e53e9d)

(/usr/share/texlive/texmf-dist/tex/latex/amsmath/amsmath.sty
Package: amsmath 2016/03/03 v2.15a AMS math features
\@mathmargin=\skip51

For additional information on amsmath, use the `?' option.
(/usr/share/texlive/texmf-dist/tex/latex/amsmath/amstext.sty
Package: amstext 2000/06/29 v2.01 AMS text

(/usr/share/texlive/texmf-dist/tex/latex/amsmath/amsgen.sty
File: amsgen.sty 1999/11/30 v2.0 generic functions
\@emptytoks=\toks29
\ex@=\dimen174
))
(/usr/share/texlive/texmf-dist/tex/latex/amsmath/amsbsy.sty
Package: amsbsy 1999/11/29 v1.2d Bold Symbols
\pmbraise@=\dimen175
)
(/usr/share/texlive/texmf-dist/tex/latex/amsmath/amsopn.sty
Package: amsopn 1999/12/14 v2.01 operator names
)
\inf@bad=\count140
LaTeX Info: Redefining \frac on input line 199.
\uproot@=\count141
\leftroot@=\count142
LaTeX Info: Redefining \overline on input line 297.
\classnum@=\count143
\DOTSCASE@=\count144
LaTeX Info: Redefining \ldots on input line 394.
LaTeX Info: Redefining \dots on input line 397.
LaTeX Info: Redefining \cdots on input line 518.
\Mathstrutbox@=\box51
\strutbox@=\box52
\big@size=\dimen176
LaTeX Font Info:    Redeclaring font encoding OML on input line 630.
LaTeX Font Info:    Redeclaring font encoding OMS on input line 631.
\macc@depth=\count145
\c@MaxMatrixCols=\count146
\dotsspace@=\muskip11
\c@parentequation=\count147
\dspbrk@lvl=\count148
\tag@help=\toks30
\row@=\count149
\column@=\count150
\maxfields@=\count151
\andhelp@=\toks31
\eqnshift@=\dimen177
\alignsep@=\dimen178
\tagshift@=\dimen179
\tagwidth@=\dimen180
\totwidth@=\dimen181
\lineht@=\dimen182
\@envbody=\toks32
\multlinegap=\skip52
\multlinetaggap=\skip53
\mathdisplay@stack=\toks33
LaTeX Info: Redefining \[ on input line 2735.
LaTeX Info: Redefining \] on input line 2736.
)
(/usr/share/texlive/texmf-dist/tex/latex/amscls/amsthm.sty
Package: amsthm 2015/03/04 v2.20.2
\thm@style=\toks34
\thm@bodyfont=\toks35
\thm@headfont=\toks36
\thm@notefont=\toks37
\thm@headpunct=\toks38
\thm@preskip=\skip54
\thm@postskip=\skip55
\thm@headsep=\skip56
\dth@everypar=\toks39
)
\c@theorem=\count152
)
(/usr/share/texmf/tex/latex/beamer/base/beamerbasethemes.sty
Package: beamerbasethemes 2010/05/01  (rcs-revision efa082c6111d)
))
(/usr/share/texmf/tex/latex/beamer/base/themes/theme/beamerthemedefault.sty
Package: beamerthemedefault 2010/06/17  (rcs-revision d02a7cf4d8ae)

(/usr/share/texmf/tex/latex/beamer/base/themes/font/beamerfontthemedefault.sty
Package: beamerfontthemedefault 2010/06/17  (rcs-revision d02a7cf4d8ae)
)
(/usr/share/texmf/tex/latex/beamer/base/themes/color/beamercolorthemedefault.st
y
Package: beamercolorthemedefault 2010/06/17  (rcs-revision d02a7cf4d8ae)
)
(/usr/share/texmf/tex/latex/beamer/base/themes/inner/beamerinnerthemedefault.st
y
Package: beamerinnerthemedefault 2012/05/01  (rcs-revision 67c48b3b652d)
\beamer@dima=\dimen183
\beamer@dimb=\dimen184
)
(/usr/share/texmf/tex/latex/beamer/base/themes/outer/beamerouterthemedefault.st
y
Package: beamerouterthemedefault 2012/10/02  (rcs-revision 5ed0f4010e8a)
)))
(/usr/share/texmf/tex/latex/beamer/base/themes/theme/beamerthemeCambridgeUS.sty
Package: beamerthemeCambridgeUS 2010/06/17  (rcs-revision d02a7cf4d8ae)

(/usr/share/texmf/tex/latex/beamer/base/themes/inner/beamerinnerthemerounded.st
y
Package: beamerinnerthemerounded 2010/06/17  (rcs-revision d02a7cf4d8ae)
)
(/usr/share/texmf/tex/latex/beamer/base/themes/outer/beamerouterthemeinfolines.
sty
Package: beamerouterthemeinfolines 2012/10/16  (rcs-revision 51a8c72084af)
)
(/usr/share/texmf/tex/latex/beamer/base/themes/color/beamercolorthemebeaver.sty
Package: beamercolorthemebeaver 2010/06/17  (rcs-revision d02a7cf4d8ae)
)) (/usr/share/texmf/tex/latex/pgf/utilities/pgfpages.sty
Package: pgfpages 2004/11/05 ver 0.01

(/usr/share/texlive/texmf-dist/tex/latex/tools/calc.sty
Package: calc 2014/10/28 v4.3 Infix arithmetic (KKT,FJ)
\calc@Acount=\count153
\calc@Bcount=\count154
\calc@Adimen=\dimen185
\calc@Bdimen=\dimen186
\calc@Askip=\skip57
\calc@Bskip=\skip58
LaTeX Info: Redefining \setlength on input line 80.
LaTeX Info: Redefining \addtolength on input line 81.
\calc@Ccount=\count155
\calc@Cskip=\skip59
)
\pgf@logicalpages=\count156
\pgf@firstshipout=\count157
\pgf@lastshipout=\count158
\pgf@currentshipout=\count159
\pgf@cpn=\count160
\pgf@shipoutnextto=\count161
\pgfphysicalheight=\dimen187
\pgfphysicalwidth=\dimen188
\pgfpages@shipoutbox=\box53
)

! LaTeX Error: File `pdfpc-commands.sty' not found.

Type X to quit or <RETURN> to proceed,
or enter new name. (Default extension: sty)

Enter file name: 
(/usr/share/texlive/texmf-dist/tex/latex/oberdiek/epstopdf.sty
Package: epstopdf 2010/02/09 v2.5 Conversion with epstopdf on the fly (HO)

(/usr/share/texlive/texmf-dist/tex/latex/oberdiek/epstopdf-base.sty
Package: epstopdf-base 2010/02/09 v2.5 Base part for package epstopdf

(/usr/share/texlive/texmf-dist/tex/latex/oberdiek/grfext.sty
Package: grfext 2010/08/19 v1.1 Manage graphics extensions (HO)
)
Package grfext Info: Graphics extension search list:
(grfext)             [.png,.pdf,.jpg,.mps,.jpeg,.jbig2,.jb2,.PNG,.PDF,.JPG,.JPE
G,.JBIG2,.JB2,.eps]
(grfext)             \AppendGraphicsExtensions on input line 452.

(/usr/share/texlive/texmf-dist/tex/latex/latexconfig/epstopdf-sys.cfg
File: epstopdf-sys.cfg 2010/07/13 v1.3 Configuration of (r)epstopdf for TeX Liv
e
)))
(/usr/share/texlive/texmf-dist/tex/latex/tools/array.sty
Package: array 2014/10/28 v2.4c Tabular extension package (FMi)
\col@sep=\dimen189
\extrarowheight=\dimen190
\NC@list=\toks40
\extratabsurround=\skip60
\backup@length=\skip61
)
(/usr/share/texlive/texmf-dist/tex/latex/svg/svg.sty
Package: svg 2012/09/05 v1.0 SVG inclusion and extraction

(/usr/share/texlive/texmf-dist/tex/latex/xkeyval/xkeyval.sty
Package: xkeyval 2014/12/03 v2.7a package option processing (HA)

(/usr/share/texlive/texmf-dist/tex/generic/xkeyval/xkeyval.tex
(/usr/share/texlive/texmf-dist/tex/generic/xkeyval/xkvutils.tex
\XKV@toks=\toks41
\XKV@tempa@toks=\toks42
)
\XKV@depth=\count162
File: xkeyval.tex 2014/12/03 v2.7a key=value parser (HA)
))
(/usr/share/texlive/texmf-dist/tex/latex/subfig/subfig.sty
Package: subfig 2005/06/28 ver: 1.3 subfig package

(/usr/share/texlive/texmf-dist/tex/latex/caption/caption.sty
Package: caption 2016/02/21 v3.3-144 Customizing captions (AR)

(/usr/share/texlive/texmf-dist/tex/latex/caption/caption3.sty
Package: caption3 2016/02/04 v1.7-139 caption3 kernel (AR)
Package caption3 Info: TeX engine: e-TeX on input line 67.
\captionmargin=\dimen191
\captionmargin@=\dimen192
\captionwidth=\dimen193
\caption@tempdima=\dimen194
\caption@indent=\dimen195
\caption@parindent=\dimen196
\caption@hangindent=\dimen197
)
\c@ContinuedFloat=\count163
Package caption Info: beamer document class.
Package caption Info: hyperref package is loaded.
Package caption Info: Hyperref support is turned off
(caption)             because hyperref has stopped early.
)
\c@KVtest=\count164
\sf@farskip=\skip62
\sf@captopadj=\dimen198
\sf@capskip=\skip63
\sf@nearskip=\skip64
\c@subfigure=\count165
\c@subfigure@save=\count166
\c@depth=\count167
\c@subtable=\count168
\c@subtable@save=\count169
\sf@top=\skip65
\sf@bottom=\skip66
)
(/usr/share/texlive/texmf-dist/tex/latex/import/import.sty
Package: import 2009/03/23  v 5.1
)
(/usr/share/texlive/texmf-dist/tex/latex/oberdiek/transparent.sty
Package: transparent 2007/01/08 v1.0 Transparency via pdfTeX's color stack (HO)

)
\SVG@out@width=\skip67
\SVG@out@height=\skip68
\c@svgfigure=\count170
)
(/usr/share/texlive/texmf-dist/tex/latex/tools/bm.sty
Package: bm 2014/10/28 v1.1c Bold Symbol Support (DPC/FMi)
\symboldoperators=\mathgroup6
\symboldletters=\mathgroup7
\symboldsymbols=\mathgroup8
LaTeX Font Info:    Redeclaring math alphabet \mathbf on input line 141.
LaTeX Info: Redefining \bm on input line 207.
)
(/usr/share/texlive/texmf-dist/tex/generic/ulem/ulem.sty
\UL@box=\box54
\UL@hyphenbox=\box55
\UL@skip=\skip69
\UL@hook=\toks43
\UL@height=\dimen199
\UL@pe=\count171
\UL@pixel=\dimen256
\ULC@box=\box56
Package: ulem 2012/05/18
\ULdepth=\dimen257
)
(/usr/share/texlive/texmf-dist/tex/latex/l3packages/xfrac/xfrac.sty
(/usr/share/texlive/texmf-dist/tex/latex/l3kernel/expl3.sty
Package: expl3 2016/01/19 v6377 L3 programming layer (loader) 

(/usr/share/texlive/texmf-dist/tex/latex/l3kernel/expl3-code.tex
Package: expl3 2016/01/19 v6377 L3 programming layer (code)
L3 Module: l3bootstrap 2016/01/01 v6339 L3 Bootstrap code
L3 Module: l3names 2015/12/21 v6328 L3 Namespace for primitives
L3 Module: l3basics 2015/11/22 v6315 L3 Basic definitions
L3 Module: l3expan 2015/09/10 v5983 L3 Argument expansion
L3 Module: l3tl 2015/09/29 v6121 L3 Token lists
L3 Module: l3str 2016/01/03 v6357 L3 Strings
L3 Module: l3seq 2015/08/05 v5777 L3 Sequences and stacks
L3 Module: l3int 2016/01/05 v6366 L3 Integers
\c_max_int=\count172
\l_tmpa_int=\count173
\l_tmpb_int=\count174
\g_tmpa_int=\count175
\g_tmpb_int=\count176
L3 Module: l3quark 2015/08/17 v5855 L3 Quarks
L3 Module: l3prg 2015/11/01 v6216 L3 Control structures
\g__prg_map_int=\count177
L3 Module: l3clist 2015/09/02 v5901 L3 Comma separated lists
L3 Module: l3token 2015/11/11 v6249 L3 Experimental token manipulation
L3 Module: l3prop 2016/01/05 v6366 L3 Property lists
L3 Module: l3msg 2015/09/28 v6113 L3 Messages
L3 Module: l3file 2015/12/03 v6317 L3 File and I/O operations
\l_iow_line_count_int=\count178
\l__iow_target_count_int=\count179
\l__iow_current_line_int=\count180
\l__iow_current_word_int=\count181
\l__iow_current_indentation_int=\count182
L3 Module: l3skip 2016/01/05 v6366 L3 Dimensions and skips
\c_zero_dim=\dimen258
\c_max_dim=\dimen259
\l_tmpa_dim=\dimen260
\l_tmpb_dim=\dimen261
\g_tmpa_dim=\dimen262
\g_tmpb_dim=\dimen263
\c_zero_skip=\skip70
\c_max_skip=\skip71
\l_tmpa_skip=\skip72
\l_tmpb_skip=\skip73
\g_tmpa_skip=\skip74
\g_tmpb_skip=\skip75
\c_zero_muskip=\muskip12
\c_max_muskip=\muskip13
\l_tmpa_muskip=\muskip14
\l_tmpb_muskip=\muskip15
\g_tmpa_muskip=\muskip16
\g_tmpb_muskip=\muskip17
L3 Module: l3keys 2015/11/17 v6284 L3 Key-value interfaces
\g__keyval_level_int=\count183
\l_keys_choice_int=\count184
L3 Module: l3fp 2015/08/25 v5890 L3 Floating points
\c__fp_leading_shift_int=\count185
\c__fp_middle_shift_int=\count186
\c__fp_trailing_shift_int=\count187
\c__fp_big_leading_shift_int=\count188
\c__fp_big_middle_shift_int=\count189
\c__fp_big_trailing_shift_int=\count190
\c__fp_Bigg_leading_shift_int=\count191
\c__fp_Bigg_middle_shift_int=\count192
\c__fp_Bigg_trailing_shift_int=\count193
L3 Module: l3box 2015/08/09 v5822 L3 Experimental boxes
\c_empty_box=\box57
\l_tmpa_box=\box58
\l_tmpb_box=\box59
\g_tmpa_box=\box60
\g_tmpb_box=\box61
L3 Module: l3coffins 2015/08/06 v5789 L3 Coffin code layer
\l__coffin_internal_box=\box62
\l__coffin_internal_dim=\dimen264
\l__coffin_offset_x_dim=\dimen265
\l__coffin_offset_y_dim=\dimen266
\l__coffin_x_dim=\dimen267
\l__coffin_y_dim=\dimen268
\l__coffin_x_prime_dim=\dimen269
\l__coffin_y_prime_dim=\dimen270
\c_empty_coffin=\box63
\l__coffin_aligned_coffin=\box64
\l__coffin_aligned_internal_coffin=\box65
\l_tmpa_coffin=\box66
\l_tmpb_coffin=\box67
\l__coffin_display_coffin=\box68
\l__coffin_display_coord_coffin=\box69
\l__coffin_display_pole_coffin=\box70
\l__coffin_display_offset_dim=\dimen271
\l__coffin_display_x_dim=\dimen272
\l__coffin_display_y_dim=\dimen273
L3 Module: l3color 2014/08/23 v5354 L3 Experimental color support
L3 Module: l3sys 2015/09/25 v6087 L3 Experimental system/runtime functions
L3 Module: l3candidates 2016/01/14 v6376 L3 Experimental additions to l3kernel
\l__box_top_dim=\dimen274
\l__box_bottom_dim=\dimen275
\l__box_left_dim=\dimen276
\l__box_right_dim=\dimen277
\l__box_top_new_dim=\dimen278
\l__box_bottom_new_dim=\dimen279
\l__box_left_new_dim=\dimen280
\l__box_right_new_dim=\dimen281
\l__box_internal_box=\box71
\l__coffin_bounding_shift_dim=\dimen282
\l__coffin_left_corner_dim=\dimen283
\l__coffin_right_corner_dim=\dimen284
\l__coffin_bottom_corner_dim=\dimen285
\l__coffin_top_corner_dim=\dimen286
\l__coffin_scaled_total_height_dim=\dimen287
\l__coffin_scaled_width_dim=\dimen288
L3 Module: l3luatex 2015/11/11 v6250 L3 Experimental LuaTeX-specific functions
)
(/usr/share/texlive/texmf-dist/tex/latex/l3kernel/l3pdfmode.def
File: l3pdfmode.def 2015/11/11 v6250 L3 Experimental driver: PDF mode
\l__driver_color_stack_int=\count194
))
(/usr/share/texlive/texmf-dist/tex/latex/l3packages/l3keys2e/l3keys2e.sty
Package: l3keys2e 2016/01/19 v6377 LaTeX2e option processing using LaTeX3 keys
)
(/usr/share/texlive/texmf-dist/tex/latex/base/textcomp.sty
Package: textcomp 2005/09/27 v1.99g Standard LaTeX package
Package textcomp Info: Sub-encoding information:
(textcomp)               5 = only ISO-Adobe without \textcurrency
(textcomp)               4 = 5 + \texteuro
(textcomp)               3 = 4 + \textohm
(textcomp)               2 = 3 + \textestimated + \textcurrency
(textcomp)               1 = TS1 - \textcircled - \t
(textcomp)               0 = TS1 (full)
(textcomp)             Font families with sub-encoding setting implement
(textcomp)             only a restricted character set as indicated.
(textcomp)             Family '?' is the default used for unknown fonts.
(textcomp)             See the documentation for details.
Package textcomp Info: Setting ? sub-encoding to TS1/1 on input line 79.

(/usr/share/texlive/texmf-dist/tex/latex/base/ts1enc.def
File: ts1enc.def 2001/06/05 v3.0e (jk/car/fm) Standard LaTeX file
)
LaTeX Info: Redefining \oldstylenums on input line 334.
Package textcomp Info: Setting cmr sub-encoding to TS1/0 on input line 349.
Package textcomp Info: Setting cmss sub-encoding to TS1/0 on input line 350.
Package textcomp Info: Setting cmtt sub-encoding to TS1/0 on input line 351.
Package textcomp Info: Setting cmvtt sub-encoding to TS1/0 on input line 352.
Package textcomp Info: Setting cmbr sub-encoding to TS1/0 on input line 353.
Package textcomp Info: Setting cmtl sub-encoding to TS1/0 on input line 354.
Package textcomp Info: Setting ccr sub-encoding to TS1/0 on input line 355.
Package textcomp Info: Setting ptm sub-encoding to TS1/4 on input line 356.
Package textcomp Info: Setting pcr sub-encoding to TS1/4 on input line 357.
Package textcomp Info: Setting phv sub-encoding to TS1/4 on input line 358.
Package textcomp Info: Setting ppl sub-encoding to TS1/3 on input line 359.
Package textcomp Info: Setting pag sub-encoding to TS1/4 on input line 360.
Package textcomp Info: Setting pbk sub-encoding to TS1/4 on input line 361.
Package textcomp Info: Setting pnc sub-encoding to TS1/4 on input line 362.
Package textcomp Info: Setting pzc sub-encoding to TS1/4 on input line 363.
Package textcomp Info: Setting bch sub-encoding to TS1/4 on input line 364.
Package textcomp Info: Setting put sub-encoding to TS1/5 on input line 365.
Package textcomp Info: Setting uag sub-encoding to TS1/5 on input line 366.
Package textcomp Info: Setting ugq sub-encoding to TS1/5 on input line 367.
Package textcomp Info: Setting ul8 sub-encoding to TS1/4 on input line 368.
Package textcomp Info: Setting ul9 sub-encoding to TS1/4 on input line 369.
Package textcomp Info: Setting augie sub-encoding to TS1/5 on input line 370.
Package textcomp Info: Setting dayrom sub-encoding to TS1/3 on input line 371.
Package textcomp Info: Setting dayroms sub-encoding to TS1/3 on input line 372.

Package textcomp Info: Setting pxr sub-encoding to TS1/0 on input line 373.
Package textcomp Info: Setting pxss sub-encoding to TS1/0 on input line 374.
Package textcomp Info: Setting pxtt sub-encoding to TS1/0 on input line 375.
Package textcomp Info: Setting txr sub-encoding to TS1/0 on input line 376.
Package textcomp Info: Setting txss sub-encoding to TS1/0 on input line 377.
Package textcomp Info: Setting txtt sub-encoding to TS1/0 on input line 378.
Package textcomp Info: Setting lmr sub-encoding to TS1/0 on input line 379.
Package textcomp Info: Setting lmdh sub-encoding to TS1/0 on input line 380.
Package textcomp Info: Setting lmss sub-encoding to TS1/0 on input line 381.
Package textcomp Info: Setting lmssq sub-encoding to TS1/0 on input line 382.
Package textcomp Info: Setting lmvtt sub-encoding to TS1/0 on input line 383.
Package textcomp Info: Setting lmtt sub-encoding to TS1/0 on input line 384.
Package textcomp Info: Setting qhv sub-encoding to TS1/0 on input line 385.
Package textcomp Info: Setting qag sub-encoding to TS1/0 on input line 386.
Package textcomp Info: Setting qbk sub-encoding to TS1/0 on input line 387.
Package textcomp Info: Setting qcr sub-encoding to TS1/0 on input line 388.
Package textcomp Info: Setting qcs sub-encoding to TS1/0 on input line 389.
Package textcomp Info: Setting qpl sub-encoding to TS1/0 on input line 390.
Package textcomp Info: Setting qtm sub-encoding to TS1/0 on input line 391.
Package textcomp Info: Setting qzc sub-encoding to TS1/0 on input line 392.
Package textcomp Info: Setting qhvc sub-encoding to TS1/0 on input line 393.
Package textcomp Info: Setting futs sub-encoding to TS1/4 on input line 394.
Package textcomp Info: Setting futx sub-encoding to TS1/4 on input line 395.
Package textcomp Info: Setting futj sub-encoding to TS1/4 on input line 396.
Package textcomp Info: Setting hlh sub-encoding to TS1/3 on input line 397.
Package textcomp Info: Setting hls sub-encoding to TS1/3 on input line 398.
Package textcomp Info: Setting hlst sub-encoding to TS1/3 on input line 399.
Package textcomp Info: Setting hlct sub-encoding to TS1/5 on input line 400.
Package textcomp Info: Setting hlx sub-encoding to TS1/5 on input line 401.
Package textcomp Info: Setting hlce sub-encoding to TS1/5 on input line 402.
Package textcomp Info: Setting hlcn sub-encoding to TS1/5 on input line 403.
Package textcomp Info: Setting hlcw sub-encoding to TS1/5 on input line 404.
Package textcomp Info: Setting hlcf sub-encoding to TS1/5 on input line 405.
Package textcomp Info: Setting pplx sub-encoding to TS1/3 on input line 406.
Package textcomp Info: Setting pplj sub-encoding to TS1/3 on input line 407.
Package textcomp Info: Setting ptmx sub-encoding to TS1/4 on input line 408.
Package textcomp Info: Setting ptmj sub-encoding to TS1/4 on input line 409.
)
(/usr/share/texlive/texmf-dist/tex/latex/l3packages/xparse/xparse.sty
Package: xparse 2016/01/19 v6377 L3 Experimental document command parser
\l__xparse_current_arg_int=\count195
\l__xparse_m_args_int=\count196
\l__xparse_mandatory_args_int=\count197
\l__xparse_processor_int=\count198
\l__xparse_v_nesting_int=\count199
)
(/usr/share/texlive/texmf-dist/tex/latex/l3packages/xtemplate/xtemplate.sty
Package: xtemplate 2016/01/19 v6377 L3 Experimental prototype document function
s
\l__xtemplate_tmp_dim=\dimen289
\l__xtemplate_tmp_int=\count266
\l__xtemplate_tmp_muskip=\muskip18
\l__xtemplate_tmp_skip=\skip76
)
Package: xfrac 2016/01/19 v6377 L3 Experimental split-level fractions
\l__xfrac_slash_box=\box72
\l__xfrac_tmp_box=\box73
\l__xfrac_denominator_bot_sep_dim=\dimen290
\l__xfrac_numerator_bot_sep_dim=\dimen291
\l__xfrac_numerator_top_sep_dim=\dimen292
\l__xfrac_slash_left_sep_dim=\dimen293
\l__xfrac_slash_right_sep_dim=\dimen294
\l__xfrac_slash_left_muskip=\muskip19
\l__xfrac_slash_right_muskip=\muskip20
.................................................
. xtemplate info: "declare-object-type"
. 
. Declaring object type 'xfrac' taking 3 argument(s) on line 111.
.................................................
.................................................
. LaTeX info: "xparse/define-command"
. 
. Defining command \sfrac with sig. 'omom' on line 451.
.................................................
)
(/usr/share/texlive/texmf-dist/tex/latex/tools/dcolumn.sty
Package: dcolumn 2014/10/28 v1.06 decimal alignment package (DPC)
)
(/usr/share/texlive/texmf-dist/tex/latex/multirow/multirow.sty
\bigstrutjot=\dimen295
)
(/usr/share/texlive/texmf-dist/tex/latex/listings/listings.sty
\lst@mode=\count267
\lst@gtempboxa=\box74
\lst@token=\toks44
\lst@length=\count268
\lst@currlwidth=\dimen296
\lst@column=\count269
\lst@pos=\count270
\lst@lostspace=\dimen297
\lst@width=\dimen298
\lst@newlines=\count271
\lst@lineno=\count272
\lst@maxwidth=\dimen299

(/usr/share/texlive/texmf-dist/tex/latex/listings/lstmisc.sty
File: lstmisc.sty 2015/06/04 1.6 (Carsten Heinz)
\c@lstnumber=\count273
\lst@skipnumbers=\count274
\lst@framebox=\box75
)
(/usr/share/texlive/texmf-dist/tex/latex/listings/listings.cfg
File: listings.cfg 2015/06/04 1.6 listings configuration
))
Package: listings 2015/06/04 1.6 (Carsten Heinz)

(/usr/share/texlive/texmf-dist/tex/latex/was/gensymb.sty
Package: gensymb 2003/07/02 v1.0 (WaS)
)
(/usr/share/texlive/texmf-dist/tex/latex/appendixnumberbeamer/appendixnumberbea
mer.sty) (/usr/share/texlive/texmf-dist/tex/latex/animate/animate.sty
Package: animate 2016/03/15 PDF animations from files and inline graphics

(/usr/share/texlive/texmf-dist/tex/latex/base/ifthen.sty
Package: ifthen 2014/09/29 v1.1c Standard LaTeX ifthen package (DPC)
)
(/usr/share/texlive/texmf-dist/tex/latex/oberdiek/ifdraft.sty
Package: ifdraft 2008/08/11 v1.3 Detect class options draft and final (HO)
)
(/usr/share/texlive/texmf-dist/tex/latex/oberdiek/atenddvi.sty
Package: atenddvi 2007/04/17 v1.1 At end DVI hook (HO)

(/usr/share/texlive/texmf-dist/tex/latex/oberdiek/zref-abspage.sty
Package: zref-abspage 2012/04/04 v2.24 Module abspage for zref (HO)

(/usr/share/texlive/texmf-dist/tex/latex/oberdiek/zref-base.sty
Package: zref-base 2012/04/04 v2.24 Module base for zref (HO)
Package zref Info: New property list: main on input line 759.
Package zref Info: New property: default on input line 760.
Package zref Info: New property: page on input line 761.
)
\c@abspage=\count275
Package zref Info: New property: abspage on input line 62.
)
(/usr/share/texlive/texmf-dist/tex/latex/oberdiek/zref-lastpage.sty
Package: zref-lastpage 2012/04/04 v2.24 Module lastpage for zref (HO)
Package zref Info: New property list: LastPage on input line 55.
))
(/usr/share/texlive/texmf-dist/tex/latex/animate/animfp.sty
Package: animfp 2009/07/23 fixed point addition for animate.sty
\afp@xs=\count276
\afp@xia=\count277
\afp@xib=\count278
\afp@xfa=\count279
\afp@xfb=\count280
\afp@rega=\count281
\afp@regb=\count282
\afp@regs=\count283
)
(/usr/share/texlive/texmf-dist/tex/latex/media9/pdfbase.sty
(/usr/share/texlive/texmf-dist/tex/latex/l3experimental/l3str/l3regex.sty
Package: l3regex 2016/01/19 v6377 L3 Experimental regular expressions

(/usr/share/texlive/texmf-dist/tex/latex/l3experimental/l3str/l3tl-build.sty
Package: l3tl-build 2016/01/19 v6377 L3 Experimental token list construction
\l__tl_build_start_index_int=\count284
\l__tl_build_index_int=\count285
)
(/usr/share/texlive/texmf-dist/tex/latex/l3experimental/l3str/l3tl-analysis.sty
Package: l3tl-analysis 2015/11/09 v6244 L3 Experimental token lists analysis
\l__tl_analysis_normal_int=\count286
\l__tl_analysis_index_int=\count287
\l__tl_analysis_nesting_int=\count288
\l__tl_analysis_type_int=\count289
) (/usr/share/texlive/texmf-dist/tex/latex/l3experimental/l3str/l3flag.sty
Package: l3flag 2016/01/19 v6377 L3 Experimental flags
)
(/usr/share/texlive/texmf-dist/tex/latex/l3experimental/l3str/l3str-convert.sty
Package: l3str-convert 2015/09/26 v6106 L3 Experimental string encoding convers
ions
\l__str_internal_int=\count290
\c__str_replacement_char_int=\count291
)
\l__regex_internal_a_int=\count292
\l__regex_internal_b_int=\count293
\l__regex_internal_c_int=\count294
\l__regex_balance_int=\count295
\l__regex_group_level_int=\count296
\l__regex_mode_int=\count297
\l__regex_catcodes_int=\count298
\l__regex_default_catcodes_int=\count299
\c__regex_catcode_D_int=\count300
\c__regex_catcode_S_int=\count301
\c__regex_catcode_L_int=\count302
\c__regex_catcode_O_int=\count303
\c__regex_catcode_A_int=\count304
\c__regex_all_catcodes_int=\count305
\l__regex_show_lines_int=\count306
\l__regex_min_state_int=\count307
\l__regex_max_state_int=\count308
\l__regex_left_state_int=\count309
\l__regex_right_state_int=\count310
\l__regex_capturing_group_int=\count311
\l__regex_min_pos_int=\count312
\l__regex_max_pos_int=\count313
\l__regex_current_pos_int=\count314
\l__regex_start_pos_int=\count315
\l__regex_success_pos_int=\count316
\l__regex_current_char_int=\count317
\l__regex_current_catcode_int=\count318
\l__regex_last_char_int=\count319
\l__regex_case_changed_char_int=\count320
\l__regex_current_state_int=\count321
\l__regex_step_int=\count322
\l__regex_min_active_int=\count323
\l__regex_max_active_int=\count324
\l__regex_replacement_csnames_int=\count325
\l__regex_match_count_int=\count326
\l__regex_submatch_int=\count327
\l__regex_zeroth_submatch_int=\count328
)
Package: pdfbase 2016/03/11 v0.7 driver independent access to low-level PDF fea
tures
\g_pbs_oc_int=\count329
) (/usr/share/texlive/texmf-dist/tex/latex/ocgx2/ocgbase.sty
Package: ocgbase 2016/03/11 v0.6 support package for ocgx2.sty
)
(/usr/share/texlive/texmf-dist/tex/context/base/supp-pdf.mkii
[Loading MPS to PDF converter (version 2006.09.02).]
\scratchcounter=\count330
\scratchdimen=\dimen300
\scratchbox=\box76
\nofMPsegments=\count331
\nofMParguments=\count332
\everyMPshowfont=\toks45
\MPscratchCnt=\count333
\MPscratchDim=\dimen301
\MPnumerator=\count334
\makeMPintoPDFobject=\count335
\everyMPtoPDFconversion=\toks46
)
\@anim@box=\box77
\@anim@measbox=\box78
\@anim@tmpdima=\dimen302
\@anim@tmpdimb=\dimen303
\@anim@num=\count336
\@anim@curframe=\count337
\@anim@curframe@zb=\count338
\@anim@resizeflags=\count339
\@anim@skipfram=\count340
\@anim@mulframecnt=\count341
\@anim@@tmlnfile=\read2
\@anim@tmpcnt=\count342
\c@@anim@ltxcnt=\count343
\@anim@curlayer=\count344
\@anim@lineno=\count345
\@anim@curfield=\count346
\@anim@@resizeflags=\count347
) (./Lund_Heng_MDPH612_Pres.aux)
\openout1 = `Lund_Heng_MDPH612_Pres.aux'.

LaTeX Font Info:    Checking defaults for OML/cmm/m/it on input line 37.
LaTeX Font Info:    ... okay on input line 37.
LaTeX Font Info:    Checking defaults for T1/cmr/m/n on input line 37.
LaTeX Font Info:    ... okay on input line 37.
LaTeX Font Info:    Checking defaults for OT1/cmr/m/n on input line 37.
LaTeX Font Info:    ... okay on input line 37.
LaTeX Font Info:    Checking defaults for OMS/cmsy/m/n on input line 37.
LaTeX Font Info:    ... okay on input line 37.
LaTeX Font Info:    Checking defaults for OMX/cmex/m/n on input line 37.
LaTeX Font Info:    ... okay on input line 37.
LaTeX Font Info:    Checking defaults for U/cmr/m/n on input line 37.
LaTeX Font Info:    ... okay on input line 37.
LaTeX Font Info:    Checking defaults for PD1/pdf/m/n on input line 37.
LaTeX Font Info:    ... okay on input line 37.
LaTeX Font Info:    Checking defaults for TS1/cmr/m/n on input line 37.
LaTeX Font Info:    Try loading font information for TS1+cmr on input line 37.

(/usr/share/texlive/texmf-dist/tex/latex/base/ts1cmr.fd
File: ts1cmr.fd 2014/09/29 v2.5h Standard LaTeX font definitions
)
LaTeX Font Info:    ... okay on input line 37.

*geometry* driver: auto-detecting
*geometry* detected driver: pdftex
*geometry* verbose mode - [ preamble ] result:
* driver: pdftex
* paper: custom
* layout: <same size as paper>
* layoutoffset:(h,v)=(0.0pt,0.0pt)
* modes: includehead includefoot 
* h-part:(L,W,R)=(10.95003pt, 342.2953pt, 10.95003pt)
* v-part:(T,H,B)=(0.0pt, 273.14662pt, 0.0pt)
* \paperwidth=364.19536pt
* \paperheight=273.14662pt
* \textwidth=342.2953pt
* \textheight=244.6939pt
* \oddsidemargin=-61.31996pt
* \evensidemargin=-61.31996pt
* \topmargin=-72.26999pt
* \headheight=14.22636pt
* \headsep=0.0pt
* \topskip=11.0pt
* \footskip=14.22636pt
* \marginparwidth=4.0pt
* \marginparsep=10.0pt
* \columnsep=10.0pt
* \skip\footins=10.0pt plus 4.0pt minus 2.0pt
* \hoffset=0.0pt
* \voffset=0.0pt
* \mag=1000
* \@twocolumnfalse
* \@twosidefalse
* \@mparswitchfalse
* \@reversemarginfalse
* (1in=72.27pt=25.4mm, 1cm=28.453pt)

ABD: EveryShipout initializing macros
\AtBeginShipoutBox=\box79
Package hyperref Info: Link coloring OFF on input line 37.

(/usr/share/texlive/texmf-dist/tex/latex/hyperref/nameref.sty
Package: nameref 2012/10/27 v2.43 Cross-referencing by name of section

(/usr/share/texlive/texmf-dist/tex/generic/oberdiek/gettitlestring.sty
Package: gettitlestring 2010/12/03 v1.4 Cleanup title references (HO)
)
\c@section@level=\count348
)
LaTeX Info: Redefining \ref on input line 37.
LaTeX Info: Redefining \pageref on input line 37.
LaTeX Info: Redefining \nameref on input line 37.

(./Lund_Heng_MDPH612_Pres.out) (./Lund_Heng_MDPH612_Pres.out)
\@outlinefile=\write5
\openout5 = `Lund_Heng_MDPH612_Pres.out'.

LaTeX Font Info:    Overwriting symbol font `operators' in version `normal'
(Font)                  OT1/cmr/m/n --> OT1/cmss/m/n on input line 37.
LaTeX Font Info:    Overwriting symbol font `operators' in version `bold'
(Font)                  OT1/cmr/bx/n --> OT1/cmss/bx/n on input line 37.
\symnumbers=\mathgroup9
\sympureletters=\mathgroup10
LaTeX Font Info:    Overwriting math alphabet `\mathrm' in version `normal'
(Font)                  OT1/cmss/m/n --> OT1/cmr/m/n on input line 37.
LaTeX Font Info:    Redeclaring math alphabet \mathbf on input line 37.
LaTeX Font Info:    Redeclaring math alphabet \mathsf on input line 37.
LaTeX Font Info:    Overwriting math alphabet `\mathsf' in version `normal'
(Font)                  OT1/cmss/m/n --> OT1/cmss/m/n on input line 37.
LaTeX Font Info:    Overwriting math alphabet `\mathsf' in version `bold'
(Font)                  OT1/cmss/bx/n --> OT1/cmss/m/n on input line 37.
LaTeX Font Info:    Redeclaring math alphabet \mathit on input line 37.
LaTeX Font Info:    Overwriting math alphabet `\mathit' in version `normal'
(Font)                  OT1/cmr/m/it --> OT1/cmss/m/it on input line 37.
LaTeX Font Info:    Overwriting math alphabet `\mathit' in version `bold'
(Font)                  OT1/cmr/bx/it --> OT1/cmss/m/it on input line 37.
LaTeX Font Info:    Redeclaring math alphabet \mathtt on input line 37.
LaTeX Font Info:    Overwriting math alphabet `\mathtt' in version `normal'
(Font)                  OT1/cmtt/m/n --> OT1/cmtt/m/n on input line 37.
LaTeX Font Info:    Overwriting math alphabet `\mathtt' in version `bold'
(Font)                  OT1/cmtt/m/n --> OT1/cmtt/m/n on input line 37.
LaTeX Font Info:    Overwriting symbol font `numbers' in version `bold'
(Font)                  OT1/cmss/m/n --> OT1/cmss/bx/n on input line 37.
LaTeX Font Info:    Overwriting symbol font `pureletters' in version `bold'
(Font)                  OT1/cmss/m/it --> OT1/cmss/bx/it on input line 37.
LaTeX Font Info:    Overwriting math alphabet `\mathrm' in version `bold'
(Font)                  OT1/cmss/bx/n --> OT1/cmr/bx/n on input line 37.
LaTeX Font Info:    Overwriting math alphabet `\mathbf' in version `bold'
(Font)                  OT1/cmss/bx/n --> OT1/cmss/bx/n on input line 37.
LaTeX Font Info:    Overwriting math alphabet `\mathsf' in version `bold'
(Font)                  OT1/cmss/m/n --> OT1/cmss/bx/n on input line 37.
LaTeX Font Info:    Overwriting math alphabet `\mathit' in version `bold'
(Font)                  OT1/cmss/m/it --> OT1/cmss/bx/it on input line 37.
LaTeX Font Info:    Overwriting math alphabet `\mathtt' in version `bold'
(Font)                  OT1/cmtt/m/n --> OT1/cmtt/bx/n on input line 37.

(/usr/share/texmf/tex/latex/beamer/base/translator/dicts/translator-basic-dicti
onary/translator-basic-dictionary-English.dict
Dictionary: translator-basic-dictionary, Language: English 
)
(/usr/share/texmf/tex/latex/beamer/base/translator/dicts/translator-bibliograph
y-dictionary/translator-bibliography-dictionary-English.dict
Dictionary: translator-bibliography-dictionary, Language: English 
)
(/usr/share/texmf/tex/latex/beamer/base/translator/dicts/translator-environment
-dictionary/translator-environment-dictionary-English.dict
Dictionary: translator-environment-dictionary, Language: English 
)
(/usr/share/texmf/tex/latex/beamer/base/translator/dicts/translator-months-dict
ionary/translator-months-dictionary-English.dict
Dictionary: translator-months-dictionary, Language: English 
)
(/usr/share/texmf/tex/latex/beamer/base/translator/dicts/translator-numbers-dic
tionary/translator-numbers-dictionary-English.dict
Dictionary: translator-numbers-dictionary, Language: English 
)
(/usr/share/texmf/tex/latex/beamer/base/translator/dicts/translator-theorem-dic
tionary/translator-theorem-dictionary-English.dict
Dictionary: translator-theorem-dictionary, Language: English 
)
LaTeX Info: Redefining \includegraphics on input line 37.
Package caption Info: Begin \AtBeginDocument code.
Package caption Info: subfig package v1.3 is loaded.
Package caption Info: listings package is loaded.
Package caption Info: End \AtBeginDocument code.
\c@lstlisting=\count349
\symgns@font=\mathgroup11
LaTeX Font Info:    Overwriting symbol font `gns@font' in version `bold'
(Font)                  TS1/cmss/m/n --> TS1/cmss/bx/n on input line 37.
Package gensymb Info: Math companion symbols declared on input line 37.
LaTeX Info: Redefining \degree on input line 37.
LaTeX Info: Redefining \celsius on input line 37.
Package gensymb Info: Using text companion symbols for \degree, \celsius and \p
erthousand on input line 37.
LaTeX Info: Redefining \ohm on input line 37.
Package gensymb Info: Using \textohm for \ohm on input line 37.
Package gensymb Info: Using \textmu for \micro on input line 37.

(./Lund_Heng_MDPH612_Pres.nav)
</home/chris/Documents/McGill/MDPH607/Project/MUHC.jpg, id=17, 1084.05pt x 180.
675pt>
File: /home/chris/Documents/McGill/MDPH607/Project/MUHC.jpg Graphic file (type 
jpg)
 <use /home/chris/Documents/McGill/MDPH607/Project/MUHC.jpg>
Package pdftex.def Info: /home/chris/Documents/McGill/MDPH607/Project/MUHC.jpg 
used on input line 43.
(pdftex.def)             Requested size: 171.14764pt x 28.52261pt.


LaTeX Font Warning: Font shape `OT1/cmss/m/n' in size <4> not available
(Font)              size <5> substituted on input line 43.

[1

{/var/lib/texmf/fonts/map/pdftex/updmap/pdftex.map} </home/chris/Documents/McGi
ll/MDPH607/Project/MUHC.jpg>]
LaTeX Font Info:    Try loading font information for U+msa on input line 82.

(/usr/share/texlive/texmf-dist/tex/latex/amsfonts/umsa.fd
File: umsa.fd 2013/01/14 v3.01 AMS symbols A
)
LaTeX Font Info:    Try loading font information for U+msb on input line 82.

(/usr/share/texlive/texmf-dist/tex/latex/amsfonts/umsb.fd
File: umsb.fd 2013/01/14 v3.01 AMS symbols B
)
LaTeX Font Info:    Try loading font information for TS1+cmss on input line 82.


(/usr/share/texlive/texmf-dist/tex/latex/base/ts1cmss.fd
File: ts1cmss.fd 2014/09/29 v2.5h Standard LaTeX font definitions
)
<cyberknife.jpeg, id=55, 417.81094pt x 271.0125pt>
File: cyberknife.jpeg Graphic file (type jpg)
 <use cyberknife.jpeg>
Package pdftex.def Info: cyberknife.jpeg used on input line 82.
(pdftex.def)             Requested size: 154.03183pt x 99.91327pt.

<QASAR.png, id=56, 505.89pt x 361.35pt>
File: QASAR.png Graphic file (type png)
 <use QASAR.png>
Package pdftex.def Info: QASAR.png used on input line 82.
(pdftex.def)             Requested size: 154.03183pt x 110.02136pt.
 [2

 <./cyberknife.jpeg> <./QASAR.png>] [3

] <connections.png, id=114, 1284.8pt x 702.625pt>
File: connections.png Graphic file (type png)

<use connections.png>
Package pdftex.def Info: connections.png used on input line 120.
(pdftex.def)             Requested size: 342.2953pt x 187.1918pt.
 [4

 <./connections.png>]
<steppermotorimage-0.png, id=143, 401.5pt x 401.5pt>
File: steppermotorimage-0.png Graphic file (type png)

<use steppermotorimage-0.png>
Package pdftex.def Info: steppermotorimage-0.png used on input line 155.
(pdftex.def)             Requested size: 85.57382pt x 85.5734pt.

<steppermotorimage-1.png, id=144, 401.5pt x 401.5pt>
File: steppermotorimage-1.png Graphic file (type png)

<use steppermotorimage-1.png>
Package pdftex.def Info: steppermotorimage-1.png used on input line 155.
(pdftex.def)             Requested size: 85.57382pt x 85.5734pt.
 [5

 <./steppermotorimage-0.png> <./steppermotorimage-1.png>]
Package atenddvi Info: Last page = 6.
 [6

]
\tf@nav=\write6
\openout6 = `Lund_Heng_MDPH612_Pres.nav'.

\tf@toc=\write7
\openout7 = `Lund_Heng_MDPH612_Pres.toc'.

\tf@snm=\write8
\openout8 = `Lund_Heng_MDPH612_Pres.snm'.

Package atveryend Info: Empty hook `BeforeClearDocument' on input line 167.
Package atveryend Info: Executing hook `AfterLastShipout' on input line 167.
 (./Lund_Heng_MDPH612_Pres.aux)
Package atveryend Info: Executing hook `AtVeryEndDocument' on input line 167.
Package atveryend Info: Executing hook `AtEndAfterFileList' on input line 167.
Package rerunfilecheck Info: File `Lund_Heng_MDPH612_Pres.out' has not changed.

(rerunfilecheck)             Checksum: D41D8CD98F00B204E9800998ECF8427E;0.


LaTeX Font Warning: Size substitutions with differences
(Font)              up to 1.0pt have occurred.

Package atveryend Info: Empty hook `AtVeryVeryEnd' on input line 167.
 ) 
Here is how much of TeX's memory you used:
 28349 strings out of 493029
 540739 string characters out of 6136234
 621349 words of memory out of 5000000
 31299 multiletter control sequences out of 15000+600000
 21481 words of font info for 77 fonts, out of 8000000 for 9000
 1141 hyphenation exceptions out of 8191
 68i,17n,98p,10393b,906s stack positions out of 5000i,500n,10000p,200000b,80000s
</usr/share/texlive/texmf-dist/fonts/type1/public/amsfonts/cm/cmss10.pfb></us
r/share/texlive/texmf-dist/fonts/type1/public/amsfonts/cm/cmss12.pfb></usr/shar
e/texlive/texmf-dist/fonts/type1/public/amsfonts/cm/cmss8.pfb></usr/share/texli
ve/texmf-dist/fonts/type1/public/amsfonts/cm/cmsy10.pfb></usr/share/texlive/tex
mf-dist/fonts/type1/public/amsfonts/cm/cmtt10.pfb>
Output written on Lund_Heng_MDPH612_Pres.pdf (6 pages, 806185 bytes).
PDF statistics:
 221 PDF objects out of 1000 (max. 8388607)
 184 compressed objects within 2 object streams
 13 named destinations out of 1000 (max. 500000)
 103 words of extra memory for PDF output out of 10000 (max. 10000000)

